<?xml version="1.0" encoding="UTF-8"?>
<!-- Generated by org.testng.reporters.JUnitReportReporter -->
<testsuite skipped="0" hostname="LTB0206672-MAC.local" name="SignInTest" tests="1" failures="0" timestamp="03 Jul 2019 18:26:35 GMT" time="18.785" errors="0">
  <testcase name="shouldThrowAnErrorIfSignInDetailsAreMissing" time="18.785" classname="SignInTest"/>
</testsuite> <!-- SignInTest -->
