<?xml version="1.0" encoding="UTF-8"?>
<!-- Generated by org.testng.reporters.JUnitReportReporter -->
<testsuite skipped="0" hostname="LTB0206672-MAC.local" name="tests.HotelBookingTest" tests="1" failures="0" timestamp="06 Jul 2019 17:51:52 GMT" time="21.893" errors="0">
  <testcase name="shouldBeAbleToSearchForHotels" time="21.893" classname="tests.HotelBookingTest"/>
</testsuite> <!-- tests.HotelBookingTest -->
