<?xml version="1.0" encoding="UTF-8"?>
<!-- Generated by org.testng.reporters.JUnitReportReporter -->
<testsuite skipped="0" hostname="LTB0206672-MAC.local" name="Tests.SignInTest" tests="1" failures="0" timestamp="06 Jul 2019 07:57:54 GMT" time="13.350" errors="0">
  <testcase name="shouldThrowAnErrorIfSignInDetailsAreMissing" time="13.350" classname="Tests.SignInTest"/>
</testsuite> <!-- Tests.SignInTest -->
