<?xml version="1.0" encoding="UTF-8"?>
<!-- Generated by org.testng.reporters.JUnitReportReporter -->
<testsuite skipped="0" hostname="LTB0206672-MAC.local" name="tests.FlightBookingTest" tests="1" failures="0" timestamp="06 Jul 2019 17:46:56 GMT" time="20.154" errors="0">
  <testcase name="shouldBeAbleToSearchForHotels" time="20.154" classname="tests.FlightBookingTest"/>
</testsuite> <!-- tests.FlightBookingTest -->
