<?xml version="1.0" encoding="UTF-8"?>
<!-- Generated by org.testng.reporters.JUnitReportReporter -->
<testsuite skipped="0" hostname="LTB0206672-MAC.local" name="FlightBookingTest" tests="1" failures="0" timestamp="04 Jul 2019 17:39:56 GMT" time="26.057" errors="0">
  <testcase name="testThatResultsAppearForAOneWayJourney" time="26.057" classname="FlightBookingTest"/>
</testsuite> <!-- FlightBookingTest -->
