<?xml version="1.0" encoding="UTF-8"?>
<!-- Generated by org.testng.reporters.JUnitReportReporter -->
<testsuite skipped="0" hostname="LTB0206672-MAC.local" name="HotelBookingTest" tests="1" failures="0" timestamp="04 Jul 2019 14:53:03 GMT" time="18.132" errors="0">
  <testcase name="shouldBeAbleToSearchForHotels" time="18.132" classname="HotelBookingTest"/>
</testsuite> <!-- HotelBookingTest -->
