<?xml version="1.0" encoding="UTF-8"?>
<!-- Generated by org.testng.reporters.JUnitReportReporter -->
<testsuite skipped="0" hostname="LTB0206672-MAC.local" name="tests.HotelBookingTest" tests="1" failures="0" timestamp="06 Jul 2019 18:00:25 GMT" time="39.005" errors="0">
  <testcase name="shouldBeAbleToSearchForHotels" time="39.005" classname="tests.HotelBookingTest"/>
</testsuite> <!-- tests.HotelBookingTest -->
