<?xml version="1.0" encoding="UTF-8"?>
<!-- Generated by org.testng.reporters.JUnitReportReporter -->
<testsuite skipped="0" hostname="LTB0206672-MAC.local" name="tests.SignInTest" tests="1" failures="0" timestamp="06 Jul 2019 18:00:30 GMT" time="16.557" errors="0">
  <testcase name="shouldThrowAnErrorIfSignInDetailsAreMissing" time="16.557" classname="tests.SignInTest"/>
</testsuite> <!-- tests.SignInTest -->
