<?xml version="1.0" encoding="UTF-8"?>
<!-- Generated by org.testng.reporters.JUnitReportReporter -->
<testsuite skipped="0" hostname="LTB0206672-MAC.local" name="Tests.SignInTest" tests="1" failures="0" timestamp="06 Jul 2019 08:03:48 GMT" time="14.275" errors="0">
  <testcase name="shouldThrowAnErrorIfSignInDetailsAreMissing" time="14.275" classname="Tests.SignInTest"/>
</testsuite> <!-- Tests.SignInTest -->
