<?xml version="1.0" encoding="UTF-8"?>
<!-- Generated by org.testng.reporters.JUnitReportReporter -->
<testsuite skipped="0" hostname="LTB0206672-MAC.local" name="Tests.HotelBookingTest" tests="1" failures="0" timestamp="06 Jul 2019 08:03:53 GMT" time="25.549" errors="0">
  <testcase name="shouldBeAbleToSearchForHotels" time="25.549" classname="Tests.HotelBookingTest"/>
</testsuite> <!-- Tests.HotelBookingTest -->
