<?xml version="1.0" encoding="UTF-8"?>
<!-- Generated by org.testng.reporters.JUnitReportReporter -->
<testsuite skipped="0" hostname="LTB0206672-MAC.local" name="Tests.FlightBookingTest" tests="1" failures="0" timestamp="06 Jul 2019 08:03:43 GMT" time="25.889" errors="0">
  <testcase name="testThatResultsAppearForAOneWayJourney" time="25.889" classname="Tests.FlightBookingTest"/>
</testsuite> <!-- Tests.FlightBookingTest -->
